<?xml version="1.0" encoding="UTF-8"?>
<!-- Generated by org.testng.reporters.JUnitReportReporter -->
<testsuite skipped="0" hostname="BDC7-D-DLVHH92" name="Selenium1.Test2" tests="1" failures="0" timestamp="03 Jul 2018 06:40:54 GMT" time="26.533" errors="0">
  <testcase name="testGitHubLogin" time="26.533" classname="Selenium1.Test2"/>
</testsuite> <!-- Selenium1.Test2 -->
