<?xml version="1.0" encoding="UTF-8"?>
<!-- Generated by org.testng.reporters.JUnitReportReporter -->
<testsuite skipped="0" hostname="BDC7-D-DLVHH92" name="Selenium1.Test1" tests="2" failures="0" timestamp="03 Jul 2018 05:33:54 GMT" time="0.024" errors="0">
  <testcase name="testDemoWebShop" time="0.020" classname="Selenium1.Test1"/>
  <testcase name="testPayment" time="0.004" classname="Selenium1.Test1"/>
</testsuite> <!-- Selenium1.Test1 -->
